<?xml version="1.0" encoding="UTF-8"?>
<testsuite name="com.cityelf.CityelfApplicationTests" tests="1" skipped="0" failures="0" errors="0" timestamp="2017-04-23T11:46:38" hostname="mikha-Aspire-E5-573G" time="0.03">
  <properties/>
  <testcase name="contextLoads" classname="com.cityelf.CityelfApplicationTests" time="0.03"/>
  <system-out><![CDATA[14:46:35.385 [Test worker] DEBUG org.springframework.test.context.junit4.SpringJUnit4ClassRunner - SpringJUnit4ClassRunner constructor called with [class com.cityelf.CityelfApplicationTests]
14:46:35.389 [Test worker] DEBUG org.springframework.test.context.BootstrapUtils - Instantiating CacheAwareContextLoaderDelegate from class [org.springframework.test.context.cache.DefaultCacheAwareContextLoaderDelegate]
14:46:35.396 [Test worker] DEBUG org.springframework.test.context.BootstrapUtils - Instantiating BootstrapContext using constructor [public org.springframework.test.context.support.DefaultBootstrapContext(java.lang.Class,org.springframework.test.context.CacheAwareContextLoaderDelegate)]
14:46:35.414 [Test worker] DEBUG org.springframework.test.context.BootstrapUtils - Instantiating TestContextBootstrapper for test class [com.cityelf.CityelfApplicationTests] from class [org.springframework.boot.test.context.SpringBootTestContextBootstrapper]
14:46:35.428 [Test worker] INFO org.springframework.boot.test.context.SpringBootTestContextBootstrapper - Neither @ContextConfiguration nor @ContextHierarchy found for test class [com.cityelf.CityelfApplicationTests], using SpringBootContextLoader
14:46:35.440 [Test worker] DEBUG org.springframework.test.context.support.AbstractContextLoader - Did not detect default resource location for test class [com.cityelf.CityelfApplicationTests]: class path resource [com/cityelf/CityelfApplicationTests-context.xml] does not exist
14:46:35.440 [Test worker] DEBUG org.springframework.test.context.support.AbstractContextLoader - Did not detect default resource location for test class [com.cityelf.CityelfApplicationTests]: class path resource [com/cityelf/CityelfApplicationTestsContext.groovy] does not exist
14:46:35.441 [Test worker] INFO org.springframework.test.context.support.AbstractContextLoader - Could not detect default resource locations for test class [com.cityelf.CityelfApplicationTests]: no resource found for suffixes {-context.xml, Context.groovy}.
14:46:35.442 [Test worker] INFO org.springframework.test.context.support.AnnotationConfigContextLoaderUtils - Could not detect default configuration classes for test class [com.cityelf.CityelfApplicationTests]: CityelfApplicationTests does not declare any static, non-private, non-final, nested classes annotated with @Configuration.
14:46:35.488 [Test worker] DEBUG org.springframework.test.context.support.ActiveProfilesUtils - Could not find an 'annotation declaring class' for annotation type [org.springframework.test.context.ActiveProfiles] and class [com.cityelf.CityelfApplicationTests]
14:46:35.495 [Test worker] DEBUG org.springframework.core.env.StandardEnvironment - Adding [systemProperties] PropertySource with lowest search precedence
14:46:35.496 [Test worker] DEBUG org.springframework.core.env.StandardEnvironment - Adding [systemEnvironment] PropertySource with lowest search precedence
14:46:35.496 [Test worker] DEBUG org.springframework.core.env.StandardEnvironment - Initialized StandardEnvironment with PropertySources [systemProperties,systemEnvironment]
14:46:35.511 [Test worker] DEBUG org.springframework.core.io.support.PathMatchingResourcePatternResolver - Resolved classpath location [com/cityelf/] to resources [URL [file:/home/mikha/CityElf/cityelf/build/classes/test/com/cityelf/], URL [file:/home/mikha/CityElf/cityelf/build/classes/main/com/cityelf/]]
14:46:35.512 [Test worker] DEBUG org.springframework.core.io.support.PathMatchingResourcePatternResolver - Looking for matching resources in directory tree [/home/mikha/CityElf/cityelf/build/classes/test/com/cityelf]
14:46:35.513 [Test worker] DEBUG org.springframework.core.io.support.PathMatchingResourcePatternResolver - Searching directory [/home/mikha/CityElf/cityelf/build/classes/test/com/cityelf] for files matching pattern [/home/mikha/CityElf/cityelf/build/classes/test/com/cityelf/*.class]
14:46:35.517 [Test worker] DEBUG org.springframework.core.io.support.PathMatchingResourcePatternResolver - Looking for matching resources in directory tree [/home/mikha/CityElf/cityelf/build/classes/main/com/cityelf]
14:46:35.517 [Test worker] DEBUG org.springframework.core.io.support.PathMatchingResourcePatternResolver - Searching directory [/home/mikha/CityElf/cityelf/build/classes/main/com/cityelf] for files matching pattern [/home/mikha/CityElf/cityelf/build/classes/main/com/cityelf/*.class]
14:46:35.519 [Test worker] DEBUG org.springframework.core.io.support.PathMatchingResourcePatternResolver - Resolved location pattern [classpath*:com/cityelf/*.class] to resources [file [/home/mikha/CityElf/cityelf/build/classes/test/com/cityelf/CityelfApplicationTests.class], file [/home/mikha/CityElf/cityelf/build/classes/main/com/cityelf/CityelfApplication.class]]
14:46:35.577 [Test worker] DEBUG org.springframework.context.annotation.ClassPathScanningCandidateComponentProvider - Identified candidate component class: file [/home/mikha/CityElf/cityelf/build/classes/main/com/cityelf/CityelfApplication.class]
14:46:35.578 [Test worker] INFO org.springframework.boot.test.context.SpringBootTestContextBootstrapper - Found @SpringBootConfiguration com.cityelf.CityelfApplication for test class com.cityelf.CityelfApplicationTests
14:46:35.584 [Test worker] DEBUG org.springframework.boot.test.context.SpringBootTestContextBootstrapper - @TestExecutionListeners is not present for class [com.cityelf.CityelfApplicationTests]: using defaults.
14:46:35.590 [Test worker] INFO org.springframework.boot.test.context.SpringBootTestContextBootstrapper - Loaded default TestExecutionListener class names from location [META-INF/spring.factories]: [org.springframework.boot.test.mock.mockito.MockitoTestExecutionListener, org.springframework.boot.test.mock.mockito.ResetMocksTestExecutionListener, org.springframework.boot.test.autoconfigure.restdocs.RestDocsTestExecutionListener, org.springframework.boot.test.autoconfigure.web.client.MockRestServiceServerResetTestExecutionListener, org.springframework.boot.test.autoconfigure.web.servlet.MockMvcPrintOnlyOnFailureTestExecutionListener, org.springframework.boot.test.autoconfigure.web.servlet.WebDriverTestExecutionListener, org.springframework.test.context.web.ServletTestExecutionListener, org.springframework.test.context.support.DirtiesContextBeforeModesTestExecutionListener, org.springframework.test.context.support.DependencyInjectionTestExecutionListener, org.springframework.test.context.support.DirtiesContextTestExecutionListener, org.springframework.test.context.transaction.TransactionalTestExecutionListener, org.springframework.test.context.jdbc.SqlScriptsTestExecutionListener]
14:46:35.604 [Test worker] INFO org.springframework.boot.test.context.SpringBootTestContextBootstrapper - Could not instantiate TestExecutionListener [org.springframework.test.context.transaction.TransactionalTestExecutionListener]. Specify custom listener classes or make the default listener classes (and their required dependencies) available. Offending class: [org/springframework/transaction/TransactionDefinition]
14:46:35.610 [Test worker] INFO org.springframework.boot.test.context.SpringBootTestContextBootstrapper - Could not instantiate TestExecutionListener [org.springframework.test.context.jdbc.SqlScriptsTestExecutionListener]. Specify custom listener classes or make the default listener classes (and their required dependencies) available. Offending class: [org/springframework/transaction/interceptor/TransactionAttribute]
14:46:35.611 [Test worker] INFO org.springframework.boot.test.context.SpringBootTestContextBootstrapper - Using TestExecutionListeners: [org.springframework.test.context.web.ServletTestExecutionListener@2e0148d7, org.springframework.test.context.support.DirtiesContextBeforeModesTestExecutionListener@31a62277, org.springframework.boot.test.autoconfigure.SpringBootDependencyInjectionTestExecutionListener@1799a1c3, org.springframework.test.context.support.DirtiesContextTestExecutionListener@637a319e, org.springframework.boot.test.autoconfigure.web.client.MockRestServiceServerResetTestExecutionListener@47999ad6, org.springframework.boot.test.mock.mockito.ResetMocksTestExecutionListener@472cbdc8, org.springframework.boot.test.autoconfigure.web.servlet.MockMvcPrintOnlyOnFailureTestExecutionListener@1de19b57, org.springframework.boot.test.autoconfigure.web.servlet.WebDriverTestExecutionListener@2f25afb4, org.springframework.boot.test.mock.mockito.MockitoTestExecutionListener@24e1cfac, org.springframework.boot.test.autoconfigure.restdocs.RestDocsTestExecutionListener@601e405]
14:46:35.615 [Test worker] DEBUG org.springframework.test.annotation.ProfileValueUtils - Retrieved @ProfileValueSourceConfiguration [null] for test class [com.cityelf.CityelfApplicationTests]
14:46:35.615 [Test worker] DEBUG org.springframework.test.annotation.ProfileValueUtils - Retrieved ProfileValueSource type [class org.springframework.test.annotation.SystemProfileValueSource] for class [com.cityelf.CityelfApplicationTests]
14:46:35.616 [Test worker] DEBUG org.springframework.test.annotation.ProfileValueUtils - Retrieved @ProfileValueSourceConfiguration [null] for test class [com.cityelf.CityelfApplicationTests]
14:46:35.616 [Test worker] DEBUG org.springframework.test.annotation.ProfileValueUtils - Retrieved ProfileValueSource type [class org.springframework.test.annotation.SystemProfileValueSource] for class [com.cityelf.CityelfApplicationTests]
14:46:35.620 [Test worker] DEBUG org.springframework.test.context.support.AbstractDirtiesContextTestExecutionListener - Before test class: context [DefaultTestContext@3ab6e558 testClass = CityelfApplicationTests, testInstance = [null], testMethod = [null], testException = [null], mergedContextConfiguration = [WebMergedContextConfiguration@4e748934 testClass = CityelfApplicationTests, locations = '{}', classes = '{class com.cityelf.CityelfApplication}', contextInitializerClasses = '[]', activeProfiles = '{}', propertySourceLocations = '{}', propertySourceProperties = '{org.springframework.boot.test.context.SpringBootTestContextBootstrapper=true}', contextCustomizers = set[org.springframework.boot.test.context.SpringBootTestContextCustomizer@101a241e, org.springframework.boot.test.context.filter.ExcludeFilterContextCustomizer@53ead55a, org.springframework.boot.test.mock.mockito.MockitoContextCustomizer@0, org.springframework.boot.test.autoconfigure.properties.PropertyMappingContextCustomizer@0, org.springframework.boot.test.autoconfigure.web.servlet.WebDriverContextCustomizerFactory$Customizer@444330c5], resourceBasePath = 'src/main/webapp', contextLoader = 'org.springframework.boot.test.context.SpringBootContextLoader', parent = [null]]], class annotated with @DirtiesContext [false] with mode [null].
14:46:35.621 [Test worker] DEBUG org.springframework.test.annotation.ProfileValueUtils - Retrieved @ProfileValueSourceConfiguration [null] for test class [com.cityelf.CityelfApplicationTests]
14:46:35.622 [Test worker] DEBUG org.springframework.test.annotation.ProfileValueUtils - Retrieved ProfileValueSource type [class org.springframework.test.annotation.SystemProfileValueSource] for class [com.cityelf.CityelfApplicationTests]
14:46:35.679 [Test worker] DEBUG org.springframework.core.env.StandardEnvironment - Adding [systemProperties] PropertySource with lowest search precedence
14:46:35.680 [Test worker] DEBUG org.springframework.core.env.StandardEnvironment - Adding [systemEnvironment] PropertySource with lowest search precedence
14:46:35.680 [Test worker] DEBUG org.springframework.core.env.StandardEnvironment - Initialized StandardEnvironment with PropertySources [systemProperties,systemEnvironment]
14:46:35.683 [Test worker] DEBUG org.springframework.core.env.MutablePropertySources - Adding [inline] PropertySource with highest search precedence
14:46:35.689 [Test worker] DEBUG org.springframework.test.context.support.TestPropertySourceUtils - Adding inlined properties to environment: {spring.jmx.enabled=false, org.springframework.boot.test.context.SpringBootTestContextBootstrapper=true, server.port=-1}
14:46:35.690 [Test worker] DEBUG org.springframework.core.env.StandardEnvironment - Adding [Inlined Test Properties] PropertySource with highest search precedence

  .   ____          _            __ _ _
 /\\ / ___'_ __ _ _(_)_ __  __ _ \ \ \ \
( ( )\___ | '_ | '_| | '_ \/ _` | \ \ \ \
 \\/  ___)| |_)| | | | | || (_| |  ) ) ) )
  '  |____| .__|_| |_|_| |_\__, | / / / /
 =========|_|==============|___/=/_/_/_/
 :: Spring Boot ::        (v1.5.3.RELEASE)

2017-04-23 14:46:36.016  INFO 1300 --- [    Test worker] com.cityelf.CityelfApplicationTests      : Starting CityelfApplicationTests on mikha-Aspire-E5-573G with PID 1300 (started by mikha in /home/mikha/CityElf/cityelf)
2017-04-23 14:46:36.018  INFO 1300 --- [    Test worker] com.cityelf.CityelfApplicationTests      : No active profile set, falling back to default profiles: default
2017-04-23 14:46:36.092  INFO 1300 --- [    Test worker] o.s.w.c.s.GenericWebApplicationContext   : Refreshing org.springframework.web.context.support.GenericWebApplicationContext@19de5512: startup date [Sun Apr 23 14:46:36 EEST 2017]; root of context hierarchy
2017-04-23 14:46:38.059  INFO 1300 --- [    Test worker] s.w.s.m.m.a.RequestMappingHandlerAdapter : Looking for @ControllerAdvice: org.springframework.web.context.support.GenericWebApplicationContext@19de5512: startup date [Sun Apr 23 14:46:36 EEST 2017]; root of context hierarchy
2017-04-23 14:46:38.181  INFO 1300 --- [    Test worker] s.w.s.m.m.a.RequestMappingHandlerMapping : Mapped "{[/users/{email}]}" onto public com.cityelf.model.User com.cityelf.controller.UserController.getUser(java.lang.String)
2017-04-23 14:46:38.187  INFO 1300 --- [    Test worker] s.w.s.m.m.a.RequestMappingHandlerMapping : Mapped "{[/users/all]}" onto public java.util.HashMap<java.lang.String, com.cityelf.model.User> com.cityelf.controller.UserController.getAll()
2017-04-23 14:46:38.191  INFO 1300 --- [    Test worker] s.w.s.m.m.a.RequestMappingHandlerMapping : Mapped "{[/error],produces=[text/html]}" onto public org.springframework.web.servlet.ModelAndView org.springframework.boot.autoconfigure.web.BasicErrorController.errorHtml(javax.servlet.http.HttpServletRequest,javax.servlet.http.HttpServletResponse)
2017-04-23 14:46:38.192  INFO 1300 --- [    Test worker] s.w.s.m.m.a.RequestMappingHandlerMapping : Mapped "{[/error]}" onto public org.springframework.http.ResponseEntity<java.util.Map<java.lang.String, java.lang.Object>> org.springframework.boot.autoconfigure.web.BasicErrorController.error(javax.servlet.http.HttpServletRequest)
2017-04-23 14:46:38.239  INFO 1300 --- [    Test worker] o.s.w.s.handler.SimpleUrlHandlerMapping  : Mapped URL path [/webjars/**] onto handler of type [class org.springframework.web.servlet.resource.ResourceHttpRequestHandler]
2017-04-23 14:46:38.239  INFO 1300 --- [    Test worker] o.s.w.s.handler.SimpleUrlHandlerMapping  : Mapped URL path [/**] onto handler of type [class org.springframework.web.servlet.resource.ResourceHttpRequestHandler]
2017-04-23 14:46:38.306  INFO 1300 --- [    Test worker] o.s.w.s.handler.SimpleUrlHandlerMapping  : Mapped URL path [/**/favicon.ico] onto handler of type [class org.springframework.web.servlet.resource.ResourceHttpRequestHandler]
2017-04-23 14:46:38.550  INFO 1300 --- [    Test worker] com.cityelf.CityelfApplicationTests      : Started CityelfApplicationTests in 2.85 seconds (JVM running for 3.816)
]]></system-out>
  <system-err><![CDATA[]]></system-err>
</testsuite>
